<?xml version="1.0" encoding="UTF-8"?>
<!-- Generated by org.testng.reporters.JUnitReportReporter -->
<testsuite skipped="0" hostname="Mallikarjunas-MacBook-Air.local" name="com.qa.test.iOS_AI" tests="1" failures="0" timestamp="22 Nov 2018 07:50:57 GMT" time="46.053" errors="0">
  <testcase name="testFindElementUsingAI" time="46.053" classname="com.qa.test.iOS_AI"/>
</testsuite> <!-- com.qa.test.iOS_AI -->
