<?xml version="1.0" encoding="UTF-8"?>
<!-- Generated by org.testng.reporters.JUnitReportReporter -->
<testsuite skipped="0" hostname="192.168.1.11" name="com.qa.test.AppiumwithAI" tests="1" failures="0" timestamp="21 Nov 2018 14:32:47 GMT" time="42.085" errors="0">
  <testcase name="testFindElementUsingAI" time="42.085" classname="com.qa.test.AppiumwithAI"/>
</testsuite> <!-- com.qa.test.AppiumwithAI -->
